<?xml version="1.0" encoding="UTF-8"?>
<testsuites name="TS_Orange_JobTitles" time="36" tests="1" failures="0" errors="1">
   <testsuite name="TS_Orange_JobTitles" tests="1" failures="0" errors="1" time="36" timestamp="2019-01-06 09:34:57" hostname="Ebtehal Gamal Yusuf - LPALXY0199.ejadaalex.local" id="Test Suites/TS_Orange_JobTitles">
      <properties>
         <property name="deviceName" value=""/>
         <property name="devicePlatform" value=""/>
         <property name="logFolder" value="C:\\Users\\Administrator\\git\\Training_1\\Reports\\TS_Orange_JobTitles\\20190106_093454"/>
         <property name="logFiles" value="C:\\Users\\Administrator\\git\\Training_1\\Reports\\TS_Orange_JobTitles\\20190106_093454\\execution0.log"/>
         <property name="attachments" value=""/>
         <property name="hostName" value="Ebtehal Gamal Yusuf - LPALXY0199.ejadaalex.local"/>
         <property name="os" value="Windows 7 64bit"/>
         <property name="katalonVersion" value="5.10.0.1"/>
         <property name="browser" value="Chrome 71.0.3578.98"/>
         <property name="hostAddress" value="192.168.3.51"/>
         <property name="sessionId" value="d763f6e2a826df878aba2d0be8152310"/>
         <property name="seleniumVersion" value="3.7.1"/>
         <property name="proxyInformation" value="ProxyInformation{proxyOption=NO_PROXY, proxyServerType=HTTP, password=, proxyServerAddress=, proxyServerPort=0}"/>
         <property name="platform" value="Windows 7"/>
      </properties>
      <testcase name="Test Cases/Orange_Website/Login Screen" classname="Test Cases/Orange_Website/Login Screen" status="PASSED">
         <system-out><![CDATA[2019-01-06 09:34:57 - [TEST_CASE][PASSED] - Test Cases/Orange_Website/Login Screen: Test Cases/Orange_Website/Login Screen

2019-01-06 09:34:58 - [TEST_STEP][PASSED] - openBrowser("https://opensource-demo.orangehrmlive.com/index.php/auth/login"): Browser is opened with url: 'https://opensource-demo.orangehrmlive.com/index.php/auth/login'

2019-01-06 09:34:59 - [MESSAGE][INFO] - Starting 'Chrome' driver

2019-01-06 09:34:59 - [MESSAGE][INFO] - Action delay is set to 0 seconds

2019-01-06 09:35:08 - [MESSAGE][PASSED] - Browser is opened with url: 'https://opensource-demo.orangehrmlive.com/index.php/auth/login'

2019-01-06 09:35:08 - [TEST_STEP][PASSED] - setText(findTestObject("Orange/Login/Username"), "Admin"): Text 'Admin' is set on object 'Object Repository/Orange/Login/Username'

2019-01-06 09:35:08 - [MESSAGE][PASSED] - Text 'Admin' is set on object 'Object Repository/Orange/Login/Username'

2019-01-06 09:35:08 - [TEST_STEP][PASSED] - setText(findTestObject("Orange/Login/Password"), "admin123"): Text 'admin123' is set on object 'Object Repository/Orange/Login/Password'

2019-01-06 09:35:08 - [MESSAGE][PASSED] - Text 'admin123' is set on object 'Object Repository/Orange/Login/Password'

2019-01-06 09:35:08 - [TEST_STEP][PASSED] - click(findTestObject("Orange/Login/Login")): Object: 'Object Repository/Orange/Login/Login' is clicked on

2019-01-06 09:35:10 - [MESSAGE][PASSED] - Object: 'Object Repository/Orange/Login/Login' is clicked on]]></system-out>
         <system-err><![CDATA[]]></system-err>
      </testcase>
      <testcase name="Test Cases/Orange_Website/JobTitles_Screen" classname="Test Cases/Orange_Website/JobTitles_Screen" status="ERROR">
         <error type="ERROR" message="Test Cases/Orange_Website/JobTitles_Screen FAILED.
Reason:
java.lang.IndexOutOfBoundsException: Index: 8, Size: 3
	at java_util_List$get$1.call(Unknown Source)
	at JobTitles_Screen.run(JobTitles_Screen:79)
	at com.kms.katalon.core.main.ScriptEngine.run(ScriptEngine.java:194)
	at com.kms.katalon.core.main.ScriptEngine.runScriptAsRawText(ScriptEngine.java:119)
	at com.kms.katalon.core.main.TestCaseExecutor.runScript(TestCaseExecutor.java:328)
	at com.kms.katalon.core.main.TestCaseExecutor.doExecute(TestCaseExecutor.java:319)
	at com.kms.katalon.core.main.TestCaseExecutor.processExecutionPhase(TestCaseExecutor.java:298)
	at com.kms.katalon.core.main.TestCaseExecutor.accessMainPhase(TestCaseExecutor.java:290)
	at com.kms.katalon.core.main.TestCaseExecutor.execute(TestCaseExecutor.java:224)
	at com.kms.katalon.core.main.TestSuiteExecutor.accessTestCaseMainPhase(TestSuiteExecutor.java:129)
	at com.kms.katalon.core.main.TestSuiteExecutor.accessTestSuiteMainPhase(TestSuiteExecutor.java:112)
	at com.kms.katalon.core.main.TestSuiteExecutor.execute(TestSuiteExecutor.java:81)
	at com.kms.katalon.core.main.TestCaseMain.startTestSuite(TestCaseMain.java:149)
	at com.kms.katalon.core.main.TestCaseMain$startTestSuite$0.call(Unknown Source)
	at TempTestSuite1546760094418.run(TempTestSuite1546760094418.groovy:36)
"/>
         <system-out><![CDATA[2019-01-06 09:35:10 - [TEST_CASE][ERROR] - Test Cases/Orange_Website/JobTitles_Screen: Test Cases/Orange_Website/JobTitles_Screen FAILED.
Reason:
java.lang.IndexOutOfBoundsException: Index: 8, Size: 3
	at java_util_List$get$1.call(Unknown Source)
	at JobTitles_Screen.run(JobTitles_Screen:79)
	at com.kms.katalon.core.main.ScriptEngine.run(ScriptEngine.java:194)
	at com.kms.katalon.core.main.ScriptEngine.runScriptAsRawText(ScriptEngine.java:119)
	at com.kms.katalon.core.main.TestCaseExecutor.runScript(TestCaseExecutor.java:328)
	at com.kms.katalon.core.main.TestCaseExecutor.doExecute(TestCaseExecutor.java:319)
	at com.kms.katalon.core.main.TestCaseExecutor.processExecutionPhase(TestCaseExecutor.java:298)
	at com.kms.katalon.core.main.TestCaseExecutor.accessMainPhase(TestCaseExecutor.java:290)
	at com.kms.katalon.core.main.TestCaseExecutor.execute(TestCaseExecutor.java:224)
	at com.kms.katalon.core.main.TestSuiteExecutor.accessTestCaseMainPhase(TestSuiteExecutor.java:129)
	at com.kms.katalon.core.main.TestSuiteExecutor.accessTestSuiteMainPhase(TestSuiteExecutor.java:112)
	at com.kms.katalon.core.main.TestSuiteExecutor.execute(TestSuiteExecutor.java:81)
	at com.kms.katalon.core.main.TestCaseMain.startTestSuite(TestCaseMain.java:149)
	at com.kms.katalon.core.main.TestCaseMain$startTestSuite$0.call(Unknown Source)
	at TempTestSuite1546760094418.run(TempTestSuite1546760094418.groovy:36)


2019-01-06 09:35:11 - [TEST_STEP][PASSED] - click(findTestObject("Orange/Navigation/MNULST_Admin")): Object: 'Object Repository/Orange/Navigation/MNULST_Admin' is clicked on

2019-01-06 09:35:13 - [MESSAGE][PASSED] - Object: 'Object Repository/Orange/Navigation/MNULST_Admin' is clicked on

2019-01-06 09:35:13 - [TEST_STEP][PASSED] - click(findTestObject("Orange/Navigation/MNUITM_Job")): Object: 'Object Repository/Orange/Navigation/MNUITM_Job' is clicked on

2019-01-06 09:35:13 - [MESSAGE][PASSED] - Object: 'Object Repository/Orange/Navigation/MNUITM_Job' is clicked on

2019-01-06 09:35:13 - [TEST_STEP][PASSED] - click(findTestObject("Orange/Navigation/MNUITM_JobTitles")): Object: 'Object Repository/Orange/Navigation/MNUITM_JobTitles' is clicked on

2019-01-06 09:35:14 - [MESSAGE][PASSED] - Object: 'Object Repository/Orange/Navigation/MNUITM_JobTitles' is clicked on

2019-01-06 09:35:14 - [TEST_STEP][PASSED] - click(findTestObject("Orange/JobTitles/BTN_Add")): Object: 'Object Repository/Orange/JobTitles/BTN_Add' is clicked on

2019-01-06 09:35:15 - [MESSAGE][PASSED] - Object: 'Object Repository/Orange/JobTitles/BTN_Add' is clicked on

2019-01-06 09:35:15 - [TEST_STEP][PASSED] - pk_Functions.CS_AllPageData.AllPageDataFun("Orange_JobTitles_ObjectRepository", "Sheet1", [jobtitles, jobdescription, notes]): pk_Functions.CS_AllPageData.AllPageDataFun is PASSED

2019-01-06 09:35:19 - [MESSAGE][PASSED] - Text 'Qc Engineer12' is set on object ''

2019-01-06 09:35:19 - [MESSAGE][PASSED] - Text 'Test applications' is set on object ''

2019-01-06 09:35:19 - [MESSAGE][PASSED] - Text 'test' is set on object ''

2019-01-06 09:35:19 - [MESSAGE][PASSED] - pk_Functions.CS_AllPageData.AllPageDataFun is PASSED

2019-01-06 09:35:19 - [TEST_STEP][PASSED] - delay(1): Delayed 1 second(s)

2019-01-06 09:35:20 - [MESSAGE][PASSED] - Delayed 1 second(s)

2019-01-06 09:35:20 - [TEST_STEP][PASSED] - tools.uploadFiles.uploadFile(findTestObject("Orange/JobTitles/BTN_ChooseFile"), ""D:\Ebtehal_QC\Extras\logo.jpg""): tools.uploadFiles.uploadFile is PASSED

2019-01-06 09:35:21 - [MESSAGE][PASSED] - Object: 'Object Repository/Orange/JobTitles/BTN_ChooseFile' is clicked on

2019-01-06 09:35:26 - [MESSAGE][PASSED] - tools.uploadFiles.uploadFile is PASSED

2019-01-06 09:35:26 - [TEST_STEP][PASSED] - Thread.sleep(2000): null

2019-01-06 09:35:28 - [TEST_STEP][PASSED] - click(findTestObject("Orange/JobTitles/BTN_Save")): Object: 'Object Repository/Orange/JobTitles/BTN_Save' is clicked on

2019-01-06 09:35:30 - [MESSAGE][PASSED] - Object: 'Object Repository/Orange/JobTitles/BTN_Save' is clicked on

2019-01-06 09:35:30 - [TEST_STEP][PASSED] - delay(1): Delayed 1 second(s)

2019-01-06 09:35:31 - [MESSAGE][PASSED] - Delayed 1 second(s)

2019-01-06 09:35:31 - [TEST_STEP][PASSED] - verifyElementPresent(findTestObject("Orange/JobTitles/MSG_SuccessValidationMessage"), 0): Object 'Object Repository/Orange/JobTitles/MSG_SuccessValidationMessage' is present

2019-01-06 09:35:31 - [MESSAGE][WARNING] - Timeout '0' is invalid. Using default page load timeout: '30'

2019-01-06 09:35:31 - [MESSAGE][PASSED] - Object 'Object Repository/Orange/JobTitles/MSG_SuccessValidationMessage' is present

2019-01-06 09:35:31 - [TEST_STEP][PASSED] - driver = getWebDriver(): null

2019-01-06 09:35:31 - [TEST_STEP][PASSED] - ExpectedValue = "Sales Executive": null

2019-01-06 09:35:31 - [TEST_STEP][PASSED] - Table = driver.findElement(By.id("resultTable")): null

2019-01-06 09:35:31 - [TEST_STEP][PASSED] - rows_table = Table.findElements(By.tagName("tr")): null

2019-01-06 09:35:31 - [TEST_STEP][PASSED] - rows_count = rows_table.size(): null

2019-01-06 09:35:31 - [TEST_STEP][ERROR] - for ([row = 0, row < rows_count, (row++)]): for ([row = 0, row < rows_count, (row++)]) FAILED.
Reason:
java.lang.IndexOutOfBoundsException: Index: 8, Size: 3
	at java_util_List$get$1.call(Unknown Source)
	at JobTitles_Screen.run(JobTitles_Screen:79)
	at com.kms.katalon.core.main.ScriptEngine.run(ScriptEngine.java:194)
	at com.kms.katalon.core.main.ScriptEngine.runScriptAsRawText(ScriptEngine.java:119)
	at com.kms.katalon.core.main.TestCaseExecutor.runScript(TestCaseExecutor.java:328)
	at com.kms.katalon.core.main.TestCaseExecutor.doExecute(TestCaseExecutor.java:319)
	at com.kms.katalon.core.main.TestCaseExecutor.processExecutionPhase(TestCaseExecutor.java:298)
	at com.kms.katalon.core.main.TestCaseExecutor.accessMainPhase(TestCaseExecutor.java:290)
	at com.kms.katalon.core.main.TestCaseExecutor.execute(TestCaseExecutor.java:224)
	at com.kms.katalon.core.main.TestSuiteExecutor.accessTestCaseMainPhase(TestSuiteExecutor.java:129)
	at com.kms.katalon.core.main.TestSuiteExecutor.accessTestSuiteMainPhase(TestSuiteExecutor.java:112)
	at com.kms.katalon.core.main.TestSuiteExecutor.execute(TestSuiteExecutor.java:81)
	at com.kms.katalon.core.main.TestCaseMain.startTestSuite(TestCaseMain.java:149)
	at com.kms.katalon.core.main.TestCaseMain$startTestSuite$0.call(Unknown Source)
	at TempTestSuite1546760094418.run(TempTestSuite1546760094418.groovy:36)


2019-01-06 09:35:31 - [TEST_STEP][PASSED] - Columns_row = get(row).findElements(By.tagName("td")): null

2019-01-06 09:35:31 - [TEST_STEP][PASSED] - columns_count = Columns_row.size(): null

2019-01-06 09:35:31 - [TEST_STEP][PASSED] - for ([column = 0, column < columns_count, (column++)]): null

2019-01-06 09:35:31 - [TEST_STEP][PASSED] - Columns_row = get(row).findElements(By.tagName("td")): null

2019-01-06 09:35:31 - [TEST_STEP][PASSED] - columns_count = Columns_row.size(): null

2019-01-06 09:35:31 - [TEST_STEP][PASSED] - for ([column = 0, column < columns_count, (column++)]): null

2019-01-06 09:35:31 - [TEST_STEP][PASSED] - celltext = get(column).getText(): null

2019-01-06 09:35:31 - [TEST_STEP][PASSED] - if (celltext == ExpectedValue): null

2019-01-06 09:35:31 - [TEST_STEP][PASSED] - celltext = get(column).getText(): null

2019-01-06 09:35:31 - [TEST_STEP][PASSED] - if (celltext == ExpectedValue): null

2019-01-06 09:35:31 - [TEST_STEP][PASSED] - celltext = get(column).getText(): null

2019-01-06 09:35:31 - [TEST_STEP][PASSED] - if (celltext == ExpectedValue): null

2019-01-06 09:35:31 - [TEST_STEP][PASSED] - Columns_row = get(row).findElements(By.tagName("td")): null

2019-01-06 09:35:32 - [TEST_STEP][PASSED] - columns_count = Columns_row.size(): null

2019-01-06 09:35:32 - [TEST_STEP][PASSED] - for ([column = 0, column < columns_count, (column++)]): null

2019-01-06 09:35:32 - [TEST_STEP][PASSED] - celltext = get(column).getText(): null

2019-01-06 09:35:32 - [TEST_STEP][PASSED] - if (celltext == ExpectedValue): null

2019-01-06 09:35:32 - [TEST_STEP][PASSED] - celltext = get(column).getText(): null

2019-01-06 09:35:32 - [TEST_STEP][PASSED] - if (celltext == ExpectedValue): null

2019-01-06 09:35:32 - [TEST_STEP][PASSED] - celltext = get(column).getText(): null

2019-01-06 09:35:32 - [TEST_STEP][PASSED] - if (celltext == ExpectedValue): null

2019-01-06 09:35:32 - [TEST_STEP][PASSED] - Columns_row = get(row).findElements(By.tagName("td")): null

2019-01-06 09:35:32 - [TEST_STEP][PASSED] - columns_count = Columns_row.size(): null

2019-01-06 09:35:32 - [TEST_STEP][PASSED] - for ([column = 0, column < columns_count, (column++)]): null

2019-01-06 09:35:32 - [TEST_STEP][PASSED] - celltext = get(column).getText(): null

2019-01-06 09:35:32 - [TEST_STEP][PASSED] - if (celltext == ExpectedValue): null

2019-01-06 09:35:32 - [TEST_STEP][PASSED] - celltext = get(column).getText(): null

2019-01-06 09:35:32 - [TEST_STEP][PASSED] - if (celltext == ExpectedValue): null

2019-01-06 09:35:32 - [TEST_STEP][PASSED] - celltext = get(column).getText(): null

2019-01-06 09:35:32 - [TEST_STEP][PASSED] - if (celltext == ExpectedValue): null

2019-01-06 09:35:32 - [TEST_STEP][PASSED] - Columns_row = get(row).findElements(By.tagName("td")): null

2019-01-06 09:35:32 - [TEST_STEP][PASSED] - columns_count = Columns_row.size(): null

2019-01-06 09:35:32 - [TEST_STEP][PASSED] - for ([column = 0, column < columns_count, (column++)]): null

2019-01-06 09:35:32 - [TEST_STEP][PASSED] - celltext = get(column).getText(): null

2019-01-06 09:35:32 - [TEST_STEP][PASSED] - if (celltext == ExpectedValue): null

2019-01-06 09:35:32 - [TEST_STEP][PASSED] - celltext = get(column).getText(): null

2019-01-06 09:35:32 - [TEST_STEP][PASSED] - if (celltext == ExpectedValue): null

2019-01-06 09:35:32 - [TEST_STEP][PASSED] - celltext = get(column).getText(): null

2019-01-06 09:35:32 - [TEST_STEP][PASSED] - if (celltext == ExpectedValue): null

2019-01-06 09:35:32 - [TEST_STEP][PASSED] - Columns_row = get(row).findElements(By.tagName("td")): null

2019-01-06 09:35:32 - [TEST_STEP][PASSED] - columns_count = Columns_row.size(): null

2019-01-06 09:35:32 - [TEST_STEP][PASSED] - for ([column = 0, column < columns_count, (column++)]): null

2019-01-06 09:35:32 - [TEST_STEP][PASSED] - celltext = get(column).getText(): null

2019-01-06 09:35:32 - [TEST_STEP][PASSED] - if (celltext == ExpectedValue): null

2019-01-06 09:35:32 - [TEST_STEP][PASSED] - celltext = get(column).getText(): null

2019-01-06 09:35:32 - [TEST_STEP][PASSED] - if (celltext == ExpectedValue): null

2019-01-06 09:35:32 - [TEST_STEP][PASSED] - celltext = get(column).getText(): null

2019-01-06 09:35:32 - [TEST_STEP][PASSED] - if (celltext == ExpectedValue): null

2019-01-06 09:35:32 - [TEST_STEP][PASSED] - Columns_row = get(row).findElements(By.tagName("td")): null

2019-01-06 09:35:32 - [TEST_STEP][PASSED] - columns_count = Columns_row.size(): null

2019-01-06 09:35:32 - [TEST_STEP][PASSED] - for ([column = 0, column < columns_count, (column++)]): null

2019-01-06 09:35:32 - [TEST_STEP][PASSED] - celltext = get(column).getText(): null

2019-01-06 09:35:32 - [TEST_STEP][PASSED] - if (celltext == ExpectedValue): null

2019-01-06 09:35:32 - [TEST_STEP][PASSED] - celltext = get(column).getText(): null

2019-01-06 09:35:32 - [TEST_STEP][PASSED] - if (celltext == ExpectedValue): null

2019-01-06 09:35:32 - [TEST_STEP][PASSED] - celltext = get(column).getText(): null

2019-01-06 09:35:32 - [TEST_STEP][PASSED] - if (celltext == ExpectedValue): null

2019-01-06 09:35:32 - [TEST_STEP][PASSED] - Columns_row = get(row).findElements(By.tagName("td")): null

2019-01-06 09:35:33 - [TEST_STEP][PASSED] - columns_count = Columns_row.size(): null

2019-01-06 09:35:33 - [TEST_STEP][PASSED] - for ([column = 0, column < columns_count, (column++)]): null

2019-01-06 09:35:33 - [TEST_STEP][PASSED] - celltext = get(column).getText(): null

2019-01-06 09:35:33 - [TEST_STEP][PASSED] - if (celltext == ExpectedValue): null

2019-01-06 09:35:33 - [TEST_STEP][PASSED] - celltext = get(column).getText(): null

2019-01-06 09:35:33 - [TEST_STEP][PASSED] - if (celltext == ExpectedValue): null

2019-01-06 09:35:33 - [TEST_STEP][PASSED] - celltext = get(column).getText(): null

2019-01-06 09:35:33 - [TEST_STEP][PASSED] - if (celltext == ExpectedValue): null

2019-01-06 09:35:33 - [TEST_STEP][PASSED] - Columns_row = get(row).findElements(By.tagName("td")): null

2019-01-06 09:35:33 - [TEST_STEP][PASSED] - columns_count = Columns_row.size(): null

2019-01-06 09:35:33 - [TEST_STEP][ERROR] - for ([column = 0, column < columns_count, (column++)]): for ([row = 0, row < rows_count, (row++)]) FAILED.
Reason:
java.lang.IndexOutOfBoundsException: Index: 8, Size: 3
	at java_util_List$get$1.call(Unknown Source)
	at JobTitles_Screen.run(JobTitles_Screen:79)
	at com.kms.katalon.core.main.ScriptEngine.run(ScriptEngine.java:194)
	at com.kms.katalon.core.main.ScriptEngine.runScriptAsRawText(ScriptEngine.java:119)
	at com.kms.katalon.core.main.TestCaseExecutor.runScript(TestCaseExecutor.java:328)
	at com.kms.katalon.core.main.TestCaseExecutor.doExecute(TestCaseExecutor.java:319)
	at com.kms.katalon.core.main.TestCaseExecutor.processExecutionPhase(TestCaseExecutor.java:298)
	at com.kms.katalon.core.main.TestCaseExecutor.accessMainPhase(TestCaseExecutor.java:290)
	at com.kms.katalon.core.main.TestCaseExecutor.execute(TestCaseExecutor.java:224)
	at com.kms.katalon.core.main.TestSuiteExecutor.accessTestCaseMainPhase(TestSuiteExecutor.java:129)
	at com.kms.katalon.core.main.TestSuiteExecutor.accessTestSuiteMainPhase(TestSuiteExecutor.java:112)
	at com.kms.katalon.core.main.TestSuiteExecutor.execute(TestSuiteExecutor.java:81)
	at com.kms.katalon.core.main.TestCaseMain.startTestSuite(TestCaseMain.java:149)
	at com.kms.katalon.core.main.TestCaseMain$startTestSuite$0.call(Unknown Source)
	at TempTestSuite1546760094418.run(TempTestSuite1546760094418.groovy:36)


2019-01-06 09:35:33 - [TEST_STEP][PASSED] - celltext = get(column).getText(): null

2019-01-06 09:35:33 - [TEST_STEP][PASSED] - if (celltext == ExpectedValue): null

2019-01-06 09:35:33 - [TEST_STEP][PASSED] - celltext = get(column).getText(): null

2019-01-06 09:35:33 - [TEST_STEP][ERROR] - if (celltext == ExpectedValue): for ([row = 0, row < rows_count, (row++)]) FAILED.
Reason:
java.lang.IndexOutOfBoundsException: Index: 8, Size: 3
	at java_util_List$get$1.call(Unknown Source)
	at JobTitles_Screen.run(JobTitles_Screen:79)
	at com.kms.katalon.core.main.ScriptEngine.run(ScriptEngine.java:194)
	at com.kms.katalon.core.main.ScriptEngine.runScriptAsRawText(ScriptEngine.java:119)
	at com.kms.katalon.core.main.TestCaseExecutor.runScript(TestCaseExecutor.java:328)
	at com.kms.katalon.core.main.TestCaseExecutor.doExecute(TestCaseExecutor.java:319)
	at com.kms.katalon.core.main.TestCaseExecutor.processExecutionPhase(TestCaseExecutor.java:298)
	at com.kms.katalon.core.main.TestCaseExecutor.accessMainPhase(TestCaseExecutor.java:290)
	at com.kms.katalon.core.main.TestCaseExecutor.execute(TestCaseExecutor.java:224)
	at com.kms.katalon.core.main.TestSuiteExecutor.accessTestCaseMainPhase(TestSuiteExecutor.java:129)
	at com.kms.katalon.core.main.TestSuiteExecutor.accessTestSuiteMainPhase(TestSuiteExecutor.java:112)
	at com.kms.katalon.core.main.TestSuiteExecutor.execute(TestSuiteExecutor.java:81)
	at com.kms.katalon.core.main.TestCaseMain.startTestSuite(TestCaseMain.java:149)
	at com.kms.katalon.core.main.TestCaseMain$startTestSuite$0.call(Unknown Source)
	at TempTestSuite1546760094418.run(TempTestSuite1546760094418.groovy:36)


2019-01-06 09:35:33 - [TEST_STEP][ERROR] - println("Text present in : " + get(row).getText()): for ([row = 0, row < rows_count, (row++)]) FAILED.
Reason:
java.lang.IndexOutOfBoundsException: Index: 8, Size: 3
	at java_util_List$get$1.call(Unknown Source)
	at JobTitles_Screen.run(JobTitles_Screen:79)
	at com.kms.katalon.core.main.ScriptEngine.run(ScriptEngine.java:194)
	at com.kms.katalon.core.main.ScriptEngine.runScriptAsRawText(ScriptEngine.java:119)
	at com.kms.katalon.core.main.TestCaseExecutor.runScript(TestCaseExecutor.java:328)
	at com.kms.katalon.core.main.TestCaseExecutor.doExecute(TestCaseExecutor.java:319)
	at com.kms.katalon.core.main.TestCaseExecutor.processExecutionPhase(TestCaseExecutor.java:298)
	at com.kms.katalon.core.main.TestCaseExecutor.accessMainPhase(TestCaseExecutor.java:290)
	at com.kms.katalon.core.main.TestCaseExecutor.execute(TestCaseExecutor.java:224)
	at com.kms.katalon.core.main.TestSuiteExecutor.accessTestCaseMainPhase(TestSuiteExecutor.java:129)
	at com.kms.katalon.core.main.TestSuiteExecutor.accessTestSuiteMainPhase(TestSuiteExecutor.java:112)
	at com.kms.katalon.core.main.TestSuiteExecutor.execute(TestSuiteExecutor.java:81)
	at com.kms.katalon.core.main.TestCaseMain.startTestSuite(TestCaseMain.java:149)
	at com.kms.katalon.core.main.TestCaseMain$startTestSuite$0.call(Unknown Source)
	at TempTestSuite1546760094418.run(TempTestSuite1546760094418.groovy:36)


2019-01-06 09:35:33 - [MESSAGE][ERROR] - for ([row = 0, row < rows_count, (row++)]) FAILED.
Reason:
java.lang.IndexOutOfBoundsException: Index: 8, Size: 3
	at java_util_List$get$1.call(Unknown Source)
	at JobTitles_Screen.run(JobTitles_Screen:79)
	at com.kms.katalon.core.main.ScriptEngine.run(ScriptEngine.java:194)
	at com.kms.katalon.core.main.ScriptEngine.runScriptAsRawText(ScriptEngine.java:119)
	at com.kms.katalon.core.main.TestCaseExecutor.runScript(TestCaseExecutor.java:328)
	at com.kms.katalon.core.main.TestCaseExecutor.doExecute(TestCaseExecutor.java:319)
	at com.kms.katalon.core.main.TestCaseExecutor.processExecutionPhase(TestCaseExecutor.java:298)
	at com.kms.katalon.core.main.TestCaseExecutor.accessMainPhase(TestCaseExecutor.java:290)
	at com.kms.katalon.core.main.TestCaseExecutor.execute(TestCaseExecutor.java:224)
	at com.kms.katalon.core.main.TestSuiteExecutor.accessTestCaseMainPhase(TestSuiteExecutor.java:129)
	at com.kms.katalon.core.main.TestSuiteExecutor.accessTestSuiteMainPhase(TestSuiteExecutor.java:112)
	at com.kms.katalon.core.main.TestSuiteExecutor.execute(TestSuiteExecutor.java:81)
	at com.kms.katalon.core.main.TestCaseMain.startTestSuite(TestCaseMain.java:149)
	at com.kms.katalon.core.main.TestCaseMain$startTestSuite$0.call(Unknown Source)
	at TempTestSuite1546760094418.run(TempTestSuite1546760094418.groovy:36)]]></system-out>
         <system-err><![CDATA[2019-01-06 09:35:10 - [TEST_CASE][ERROR] - Test Cases/Orange_Website/JobTitles_Screen: Test Cases/Orange_Website/JobTitles_Screen FAILED.
Reason:
java.lang.IndexOutOfBoundsException: Index: 8, Size: 3
	at java_util_List$get$1.call(Unknown Source)
	at JobTitles_Screen.run(JobTitles_Screen:79)
	at com.kms.katalon.core.main.ScriptEngine.run(ScriptEngine.java:194)
	at com.kms.katalon.core.main.ScriptEngine.runScriptAsRawText(ScriptEngine.java:119)
	at com.kms.katalon.core.main.TestCaseExecutor.runScript(TestCaseExecutor.java:328)
	at com.kms.katalon.core.main.TestCaseExecutor.doExecute(TestCaseExecutor.java:319)
	at com.kms.katalon.core.main.TestCaseExecutor.processExecutionPhase(TestCaseExecutor.java:298)
	at com.kms.katalon.core.main.TestCaseExecutor.accessMainPhase(TestCaseExecutor.java:290)
	at com.kms.katalon.core.main.TestCaseExecutor.execute(TestCaseExecutor.java:224)
	at com.kms.katalon.core.main.TestSuiteExecutor.accessTestCaseMainPhase(TestSuiteExecutor.java:129)
	at com.kms.katalon.core.main.TestSuiteExecutor.accessTestSuiteMainPhase(TestSuiteExecutor.java:112)
	at com.kms.katalon.core.main.TestSuiteExecutor.execute(TestSuiteExecutor.java:81)
	at com.kms.katalon.core.main.TestCaseMain.startTestSuite(TestCaseMain.java:149)
	at com.kms.katalon.core.main.TestCaseMain$startTestSuite$0.call(Unknown Source)
	at TempTestSuite1546760094418.run(TempTestSuite1546760094418.groovy:36)]]></system-err>
      </testcase>
      <system-out><![CDATA[2019-01-06 09:34:57 - [TEST_SUITE][ERROR] - TS_Orange_JobTitles: Test Cases/Orange_Website/JobTitles_Screen FAILED.
Reason:
java.lang.IndexOutOfBoundsException: Index: 8, Size: 3
	at java_util_List$get$1.call(Unknown Source)
	at JobTitles_Screen.run(JobTitles_Screen:79)
	at com.kms.katalon.core.main.ScriptEngine.run(ScriptEngine.java:194)
	at com.kms.katalon.core.main.ScriptEngine.runScriptAsRawText(ScriptEngine.java:119)
	at com.kms.katalon.core.main.TestCaseExecutor.runScript(TestCaseExecutor.java:328)
	at com.kms.katalon.core.main.TestCaseExecutor.doExecute(TestCaseExecutor.java:319)
	at com.kms.katalon.core.main.TestCaseExecutor.processExecutionPhase(TestCaseExecutor.java:298)
	at com.kms.katalon.core.main.TestCaseExecutor.accessMainPhase(TestCaseExecutor.java:290)
	at com.kms.katalon.core.main.TestCaseExecutor.execute(TestCaseExecutor.java:224)
	at com.kms.katalon.core.main.TestSuiteExecutor.accessTestCaseMainPhase(TestSuiteExecutor.java:129)
	at com.kms.katalon.core.main.TestSuiteExecutor.accessTestSuiteMainPhase(TestSuiteExecutor.java:112)
	at com.kms.katalon.core.main.TestSuiteExecutor.execute(TestSuiteExecutor.java:81)
	at com.kms.katalon.core.main.TestCaseMain.startTestSuite(TestCaseMain.java:149)
	at com.kms.katalon.core.main.TestCaseMain$startTestSuite$0.call(Unknown Source)
	at TempTestSuite1546760094418.run(TempTestSuite1546760094418.groovy:36)]]></system-out>
      <system-err><![CDATA[2019-01-06 09:34:57 - [TEST_SUITE][ERROR] - TS_Orange_JobTitles: Test Cases/Orange_Website/JobTitles_Screen FAILED.
Reason:
java.lang.IndexOutOfBoundsException: Index: 8, Size: 3
	at java_util_List$get$1.call(Unknown Source)
	at JobTitles_Screen.run(JobTitles_Screen:79)
	at com.kms.katalon.core.main.ScriptEngine.run(ScriptEngine.java:194)
	at com.kms.katalon.core.main.ScriptEngine.runScriptAsRawText(ScriptEngine.java:119)
	at com.kms.katalon.core.main.TestCaseExecutor.runScript(TestCaseExecutor.java:328)
	at com.kms.katalon.core.main.TestCaseExecutor.doExecute(TestCaseExecutor.java:319)
	at com.kms.katalon.core.main.TestCaseExecutor.processExecutionPhase(TestCaseExecutor.java:298)
	at com.kms.katalon.core.main.TestCaseExecutor.accessMainPhase(TestCaseExecutor.java:290)
	at com.kms.katalon.core.main.TestCaseExecutor.execute(TestCaseExecutor.java:224)
	at com.kms.katalon.core.main.TestSuiteExecutor.accessTestCaseMainPhase(TestSuiteExecutor.java:129)
	at com.kms.katalon.core.main.TestSuiteExecutor.accessTestSuiteMainPhase(TestSuiteExecutor.java:112)
	at com.kms.katalon.core.main.TestSuiteExecutor.execute(TestSuiteExecutor.java:81)
	at com.kms.katalon.core.main.TestCaseMain.startTestSuite(TestCaseMain.java:149)
	at com.kms.katalon.core.main.TestCaseMain$startTestSuite$0.call(Unknown Source)
	at TempTestSuite1546760094418.run(TempTestSuite1546760094418.groovy:36)]]></system-err>
   </testsuite>
</testsuites>
