<?xml version="1.0" encoding="UTF-8"?>
<testsuites name="TS_Orange_JobTitles" time="33" tests="1" failures="0" errors="1">
   <testsuite name="TS_Orange_JobTitles" tests="1" failures="0" errors="1" time="33" timestamp="2019-01-06 11:26:30" hostname="Ebtehal Gamal Yusuf - LPALXY0199.ejadaalex.local" id="Test Suites/TS_Orange_JobTitles">
      <properties>
         <property name="deviceName" value=""/>
         <property name="devicePlatform" value=""/>
         <property name="logFolder" value="C:\\Users\\Administrator\\git\\Training_1\\Reports\\TS_Orange_JobTitles\\20190106_112627"/>
         <property name="logFiles" value="C:\\Users\\Administrator\\git\\Training_1\\Reports\\TS_Orange_JobTitles\\20190106_112627\\execution0.log"/>
         <property name="attachments" value=""/>
         <property name="hostName" value="Ebtehal Gamal Yusuf - LPALXY0199.ejadaalex.local"/>
         <property name="os" value="Windows 7 64bit"/>
         <property name="katalonVersion" value="5.10.0.1"/>
         <property name="browser" value="Chrome 71.0.3578.98"/>
         <property name="hostAddress" value="192.168.3.51"/>
         <property name="sessionId" value="d7f10fbdc6828ebf807810613b6f072b"/>
         <property name="seleniumVersion" value="3.7.1"/>
         <property name="proxyInformation" value="ProxyInformation{proxyOption=NO_PROXY, proxyServerType=HTTP, password=, proxyServerAddress=, proxyServerPort=0}"/>
         <property name="platform" value="Windows 7"/>
      </properties>
      <testcase name="Test Cases/Orange_Website/Login Screen" classname="Test Cases/Orange_Website/Login Screen" status="PASSED">
         <system-out><![CDATA[2019-01-06 11:26:30 - [TEST_CASE][PASSED] - Test Cases/Orange_Website/Login Screen: Test Cases/Orange_Website/Login Screen

2019-01-06 11:26:31 - [TEST_STEP][PASSED] - openBrowser("https://opensource-demo.orangehrmlive.com/index.php/auth/login"): Browser is opened with url: 'https://opensource-demo.orangehrmlive.com/index.php/auth/login'

2019-01-06 11:26:31 - [MESSAGE][INFO] - Starting 'Chrome' driver

2019-01-06 11:26:32 - [MESSAGE][INFO] - Action delay is set to 0 seconds

2019-01-06 11:26:53 - [MESSAGE][PASSED] - Browser is opened with url: 'https://opensource-demo.orangehrmlive.com/index.php/auth/login'

2019-01-06 11:26:53 - [TEST_STEP][PASSED] - setText(findTestObject("Orange/Login/Username"), "Admin"): Text 'Admin' is set on object 'Object Repository/Orange/Login/Username'

2019-01-06 11:26:54 - [MESSAGE][PASSED] - Text 'Admin' is set on object 'Object Repository/Orange/Login/Username'

2019-01-06 11:26:54 - [TEST_STEP][PASSED] - setText(findTestObject("Orange/Login/Password"), "admin123"): Text 'admin123' is set on object 'Object Repository/Orange/Login/Password'

2019-01-06 11:26:54 - [MESSAGE][PASSED] - Text 'admin123' is set on object 'Object Repository/Orange/Login/Password'

2019-01-06 11:26:54 - [TEST_STEP][PASSED] - click(findTestObject("Orange/Login/Login")): Object: 'Object Repository/Orange/Login/Login' is clicked on

2019-01-06 11:26:59 - [MESSAGE][PASSED] - Object: 'Object Repository/Orange/Login/Login' is clicked on]]></system-out>
         <system-err><![CDATA[]]></system-err>
      </testcase>
      <testcase name="Test Cases/Orange_Website/WebatableSearchtest" classname="Test Cases/Orange_Website/WebatableSearchtest" status="ERROR">
         <error type="ERROR" message="Test Cases/Orange_Website/WebatableSearchtest FAILED.
Reason:
org.codehaus.groovy.runtime.InvokerInvocationException: groovy.lang.MissingMethodException: No signature of method: java.util.ArrayList.get() is applicable for argument types: (java.lang.String) values: [1]
Possible solutions: get(int), get(int), getAt(java.lang.String), getAt(java.lang.String), grep(), grep()
	at pk_Functions.CS_SelectRecordFromWebtable.invokeMethod(CS_SelectRecordFromWebtable.groovy)
	at com.kms.katalon.core.main.CustomKeywordDelegatingMetaClass.invokeStaticMethod(CustomKeywordDelegatingMetaClass.java:49)
	at WebatableSearchtest.run(WebatableSearchtest:22)
	at com.kms.katalon.core.main.ScriptEngine.run(ScriptEngine.java:194)
	at com.kms.katalon.core.main.ScriptEngine.runScriptAsRawText(ScriptEngine.java:119)
	at com.kms.katalon.core.main.TestCaseExecutor.runScript(TestCaseExecutor.java:328)
	at com.kms.katalon.core.main.TestCaseExecutor.doExecute(TestCaseExecutor.java:319)
	at com.kms.katalon.core.main.TestCaseExecutor.processExecutionPhase(TestCaseExecutor.java:298)
	at com.kms.katalon.core.main.TestCaseExecutor.accessMainPhase(TestCaseExecutor.java:290)
	at com.kms.katalon.core.main.TestCaseExecutor.execute(TestCaseExecutor.java:224)
	at com.kms.katalon.core.main.TestSuiteExecutor.accessTestCaseMainPhase(TestSuiteExecutor.java:129)
	at com.kms.katalon.core.main.TestSuiteExecutor.accessTestSuiteMainPhase(TestSuiteExecutor.java:112)
	at com.kms.katalon.core.main.TestSuiteExecutor.execute(TestSuiteExecutor.java:81)
	at com.kms.katalon.core.main.TestCaseMain.startTestSuite(TestCaseMain.java:149)
	at com.kms.katalon.core.main.TestCaseMain$startTestSuite$0.call(Unknown Source)
	at TempTestSuite1546766787074.run(TempTestSuite1546766787074.groovy:36)
Caused by: groovy.lang.MissingMethodException: No signature of method: java.util.ArrayList.get() is applicable for argument types: (java.lang.String) values: [1]
Possible solutions: get(int), get(int), getAt(java.lang.String), getAt(java.lang.String), grep(), grep()
	at pk_Functions.CS_SelectRecordFromWebtable.SelectRecordFromWebtableFun(CS_SelectRecordFromWebtable.groovy:70)
	at pk_Functions.CS_SelectRecordFromWebtable.invokeMethod(CS_SelectRecordFromWebtable.groovy)
	at com.kms.katalon.core.main.CustomKeywordDelegatingMetaClass.invokeStaticMethod(CustomKeywordDelegatingMetaClass.java:49)
	at Script1546766582349.run(Script1546766582349.groovy:22)
	... 13 more
"/>
         <system-out><![CDATA[2019-01-06 11:26:59 - [TEST_CASE][ERROR] - Test Cases/Orange_Website/WebatableSearchtest: Test Cases/Orange_Website/WebatableSearchtest FAILED.
Reason:
org.codehaus.groovy.runtime.InvokerInvocationException: groovy.lang.MissingMethodException: No signature of method: java.util.ArrayList.get() is applicable for argument types: (java.lang.String) values: [1]
Possible solutions: get(int), get(int), getAt(java.lang.String), getAt(java.lang.String), grep(), grep()
	at pk_Functions.CS_SelectRecordFromWebtable.invokeMethod(CS_SelectRecordFromWebtable.groovy)
	at com.kms.katalon.core.main.CustomKeywordDelegatingMetaClass.invokeStaticMethod(CustomKeywordDelegatingMetaClass.java:49)
	at WebatableSearchtest.run(WebatableSearchtest:22)
	at com.kms.katalon.core.main.ScriptEngine.run(ScriptEngine.java:194)
	at com.kms.katalon.core.main.ScriptEngine.runScriptAsRawText(ScriptEngine.java:119)
	at com.kms.katalon.core.main.TestCaseExecutor.runScript(TestCaseExecutor.java:328)
	at com.kms.katalon.core.main.TestCaseExecutor.doExecute(TestCaseExecutor.java:319)
	at com.kms.katalon.core.main.TestCaseExecutor.processExecutionPhase(TestCaseExecutor.java:298)
	at com.kms.katalon.core.main.TestCaseExecutor.accessMainPhase(TestCaseExecutor.java:290)
	at com.kms.katalon.core.main.TestCaseExecutor.execute(TestCaseExecutor.java:224)
	at com.kms.katalon.core.main.TestSuiteExecutor.accessTestCaseMainPhase(TestSuiteExecutor.java:129)
	at com.kms.katalon.core.main.TestSuiteExecutor.accessTestSuiteMainPhase(TestSuiteExecutor.java:112)
	at com.kms.katalon.core.main.TestSuiteExecutor.execute(TestSuiteExecutor.java:81)
	at com.kms.katalon.core.main.TestCaseMain.startTestSuite(TestCaseMain.java:149)
	at com.kms.katalon.core.main.TestCaseMain$startTestSuite$0.call(Unknown Source)
	at TempTestSuite1546766787074.run(TempTestSuite1546766787074.groovy:36)
Caused by: groovy.lang.MissingMethodException: No signature of method: java.util.ArrayList.get() is applicable for argument types: (java.lang.String) values: [1]
Possible solutions: get(int), get(int), getAt(java.lang.String), getAt(java.lang.String), grep(), grep()
	at pk_Functions.CS_SelectRecordFromWebtable.SelectRecordFromWebtableFun(CS_SelectRecordFromWebtable.groovy:70)
	at pk_Functions.CS_SelectRecordFromWebtable.invokeMethod(CS_SelectRecordFromWebtable.groovy)
	at com.kms.katalon.core.main.CustomKeywordDelegatingMetaClass.invokeStaticMethod(CustomKeywordDelegatingMetaClass.java:49)
	at Script1546766582349.run(Script1546766582349.groovy:22)
	... 13 more


2019-01-06 11:26:59 - [TEST_STEP][PASSED] - click(findTestObject("Orange/Navigation/MNULST_Admin")): Object: 'Object Repository/Orange/Navigation/MNULST_Admin' is clicked on

2019-01-06 11:27:01 - [MESSAGE][PASSED] - Object: 'Object Repository/Orange/Navigation/MNULST_Admin' is clicked on

2019-01-06 11:27:01 - [TEST_STEP][PASSED] - click(findTestObject("Orange/Navigation/MNUITM_Job")): Object: 'Object Repository/Orange/Navigation/MNUITM_Job' is clicked on

2019-01-06 11:27:01 - [MESSAGE][PASSED] - Object: 'Object Repository/Orange/Navigation/MNUITM_Job' is clicked on

2019-01-06 11:27:01 - [TEST_STEP][PASSED] - click(findTestObject("Orange/Navigation/MNUITM_JobTitles")): Object: 'Object Repository/Orange/Navigation/MNUITM_JobTitles' is clicked on

2019-01-06 11:27:03 - [MESSAGE][PASSED] - Object: 'Object Repository/Orange/Navigation/MNUITM_JobTitles' is clicked on

2019-01-06 11:27:03 - [TEST_STEP][ERROR] - pk_Functions.CS_SelectRecordFromWebtable.SelectRecordFromWebtableFun("resultTable", "CEO", "1", "1"): pk_Functions.CS_SelectRecordFromWebtable.SelectRecordFromWebtableFun("resultTable", "CEO", "1", "1") FAILED.
Reason:
org.codehaus.groovy.runtime.InvokerInvocationException: groovy.lang.MissingMethodException: No signature of method: java.util.ArrayList.get() is applicable for argument types: (java.lang.String) values: [1]
Possible solutions: get(int), get(int), getAt(java.lang.String), getAt(java.lang.String), grep(), grep()
	at pk_Functions.CS_SelectRecordFromWebtable.invokeMethod(CS_SelectRecordFromWebtable.groovy)
	at com.kms.katalon.core.main.CustomKeywordDelegatingMetaClass.invokeStaticMethod(CustomKeywordDelegatingMetaClass.java:49)
	at WebatableSearchtest.run(WebatableSearchtest:22)
	at com.kms.katalon.core.main.ScriptEngine.run(ScriptEngine.java:194)
	at com.kms.katalon.core.main.ScriptEngine.runScriptAsRawText(ScriptEngine.java:119)
	at com.kms.katalon.core.main.TestCaseExecutor.runScript(TestCaseExecutor.java:328)
	at com.kms.katalon.core.main.TestCaseExecutor.doExecute(TestCaseExecutor.java:319)
	at com.kms.katalon.core.main.TestCaseExecutor.processExecutionPhase(TestCaseExecutor.java:298)
	at com.kms.katalon.core.main.TestCaseExecutor.accessMainPhase(TestCaseExecutor.java:290)
	at com.kms.katalon.core.main.TestCaseExecutor.execute(TestCaseExecutor.java:224)
	at com.kms.katalon.core.main.TestSuiteExecutor.accessTestCaseMainPhase(TestSuiteExecutor.java:129)
	at com.kms.katalon.core.main.TestSuiteExecutor.accessTestSuiteMainPhase(TestSuiteExecutor.java:112)
	at com.kms.katalon.core.main.TestSuiteExecutor.execute(TestSuiteExecutor.java:81)
	at com.kms.katalon.core.main.TestCaseMain.startTestSuite(TestCaseMain.java:149)
	at com.kms.katalon.core.main.TestCaseMain$startTestSuite$0.call(Unknown Source)
	at TempTestSuite1546766787074.run(TempTestSuite1546766787074.groovy:36)
Caused by: groovy.lang.MissingMethodException: No signature of method: java.util.ArrayList.get() is applicable for argument types: (java.lang.String) values: [1]
Possible solutions: get(int), get(int), getAt(java.lang.String), getAt(java.lang.String), grep(), grep()
	at pk_Functions.CS_SelectRecordFromWebtable.SelectRecordFromWebtableFun(CS_SelectRecordFromWebtable.groovy:70)
	at pk_Functions.CS_SelectRecordFromWebtable.invokeMethod(CS_SelectRecordFromWebtable.groovy)
	at com.kms.katalon.core.main.CustomKeywordDelegatingMetaClass.invokeStaticMethod(CustomKeywordDelegatingMetaClass.java:49)
	at Script1546766582349.run(Script1546766582349.groovy:22)
	... 13 more


2019-01-06 11:27:03 - [MESSAGE][ERROR] - groovy.lang.MissingMethodException: No signature of method: java.util.ArrayList.get() is applicable for argument types: (java.lang.String) values: [1]
Possible solutions: get(int), get(int), getAt(java.lang.String), getAt(java.lang.String), grep(), grep()

2019-01-06 11:27:03 - [MESSAGE][ERROR] - pk_Functions.CS_SelectRecordFromWebtable.SelectRecordFromWebtableFun("resultTable", "CEO", "1", "1") FAILED.
Reason:
org.codehaus.groovy.runtime.InvokerInvocationException: groovy.lang.MissingMethodException: No signature of method: java.util.ArrayList.get() is applicable for argument types: (java.lang.String) values: [1]
Possible solutions: get(int), get(int), getAt(java.lang.String), getAt(java.lang.String), grep(), grep()
	at pk_Functions.CS_SelectRecordFromWebtable.invokeMethod(CS_SelectRecordFromWebtable.groovy)
	at com.kms.katalon.core.main.CustomKeywordDelegatingMetaClass.invokeStaticMethod(CustomKeywordDelegatingMetaClass.java:49)
	at WebatableSearchtest.run(WebatableSearchtest:22)
	at com.kms.katalon.core.main.ScriptEngine.run(ScriptEngine.java:194)
	at com.kms.katalon.core.main.ScriptEngine.runScriptAsRawText(ScriptEngine.java:119)
	at com.kms.katalon.core.main.TestCaseExecutor.runScript(TestCaseExecutor.java:328)
	at com.kms.katalon.core.main.TestCaseExecutor.doExecute(TestCaseExecutor.java:319)
	at com.kms.katalon.core.main.TestCaseExecutor.processExecutionPhase(TestCaseExecutor.java:298)
	at com.kms.katalon.core.main.TestCaseExecutor.accessMainPhase(TestCaseExecutor.java:290)
	at com.kms.katalon.core.main.TestCaseExecutor.execute(TestCaseExecutor.java:224)
	at com.kms.katalon.core.main.TestSuiteExecutor.accessTestCaseMainPhase(TestSuiteExecutor.java:129)
	at com.kms.katalon.core.main.TestSuiteExecutor.accessTestSuiteMainPhase(TestSuiteExecutor.java:112)
	at com.kms.katalon.core.main.TestSuiteExecutor.execute(TestSuiteExecutor.java:81)
	at com.kms.katalon.core.main.TestCaseMain.startTestSuite(TestCaseMain.java:149)
	at com.kms.katalon.core.main.TestCaseMain$startTestSuite$0.call(Unknown Source)
	at TempTestSuite1546766787074.run(TempTestSuite1546766787074.groovy:36)
Caused by: groovy.lang.MissingMethodException: No signature of method: java.util.ArrayList.get() is applicable for argument types: (java.lang.String) values: [1]
Possible solutions: get(int), get(int), getAt(java.lang.String), getAt(java.lang.String), grep(), grep()
	at pk_Functions.CS_SelectRecordFromWebtable.SelectRecordFromWebtableFun(CS_SelectRecordFromWebtable.groovy:70)
	at pk_Functions.CS_SelectRecordFromWebtable.invokeMethod(CS_SelectRecordFromWebtable.groovy)
	at com.kms.katalon.core.main.CustomKeywordDelegatingMetaClass.invokeStaticMethod(CustomKeywordDelegatingMetaClass.java:49)
	at Script1546766582349.run(Script1546766582349.groovy:22)
	... 13 more]]></system-out>
         <system-err><![CDATA[2019-01-06 11:26:59 - [TEST_CASE][ERROR] - Test Cases/Orange_Website/WebatableSearchtest: Test Cases/Orange_Website/WebatableSearchtest FAILED.
Reason:
org.codehaus.groovy.runtime.InvokerInvocationException: groovy.lang.MissingMethodException: No signature of method: java.util.ArrayList.get() is applicable for argument types: (java.lang.String) values: [1]
Possible solutions: get(int), get(int), getAt(java.lang.String), getAt(java.lang.String), grep(), grep()
	at pk_Functions.CS_SelectRecordFromWebtable.invokeMethod(CS_SelectRecordFromWebtable.groovy)
	at com.kms.katalon.core.main.CustomKeywordDelegatingMetaClass.invokeStaticMethod(CustomKeywordDelegatingMetaClass.java:49)
	at WebatableSearchtest.run(WebatableSearchtest:22)
	at com.kms.katalon.core.main.ScriptEngine.run(ScriptEngine.java:194)
	at com.kms.katalon.core.main.ScriptEngine.runScriptAsRawText(ScriptEngine.java:119)
	at com.kms.katalon.core.main.TestCaseExecutor.runScript(TestCaseExecutor.java:328)
	at com.kms.katalon.core.main.TestCaseExecutor.doExecute(TestCaseExecutor.java:319)
	at com.kms.katalon.core.main.TestCaseExecutor.processExecutionPhase(TestCaseExecutor.java:298)
	at com.kms.katalon.core.main.TestCaseExecutor.accessMainPhase(TestCaseExecutor.java:290)
	at com.kms.katalon.core.main.TestCaseExecutor.execute(TestCaseExecutor.java:224)
	at com.kms.katalon.core.main.TestSuiteExecutor.accessTestCaseMainPhase(TestSuiteExecutor.java:129)
	at com.kms.katalon.core.main.TestSuiteExecutor.accessTestSuiteMainPhase(TestSuiteExecutor.java:112)
	at com.kms.katalon.core.main.TestSuiteExecutor.execute(TestSuiteExecutor.java:81)
	at com.kms.katalon.core.main.TestCaseMain.startTestSuite(TestCaseMain.java:149)
	at com.kms.katalon.core.main.TestCaseMain$startTestSuite$0.call(Unknown Source)
	at TempTestSuite1546766787074.run(TempTestSuite1546766787074.groovy:36)
Caused by: groovy.lang.MissingMethodException: No signature of method: java.util.ArrayList.get() is applicable for argument types: (java.lang.String) values: [1]
Possible solutions: get(int), get(int), getAt(java.lang.String), getAt(java.lang.String), grep(), grep()
	at pk_Functions.CS_SelectRecordFromWebtable.SelectRecordFromWebtableFun(CS_SelectRecordFromWebtable.groovy:70)
	at pk_Functions.CS_SelectRecordFromWebtable.invokeMethod(CS_SelectRecordFromWebtable.groovy)
	at com.kms.katalon.core.main.CustomKeywordDelegatingMetaClass.invokeStaticMethod(CustomKeywordDelegatingMetaClass.java:49)
	at Script1546766582349.run(Script1546766582349.groovy:22)
	... 13 more]]></system-err>
      </testcase>
      <system-out><![CDATA[2019-01-06 11:26:30 - [TEST_SUITE][ERROR] - TS_Orange_JobTitles: Test Cases/Orange_Website/WebatableSearchtest FAILED.
Reason:
org.codehaus.groovy.runtime.InvokerInvocationException: groovy.lang.MissingMethodException: No signature of method: java.util.ArrayList.get() is applicable for argument types: (java.lang.String) values: [1]
Possible solutions: get(int), get(int), getAt(java.lang.String), getAt(java.lang.String), grep(), grep()
	at pk_Functions.CS_SelectRecordFromWebtable.invokeMethod(CS_SelectRecordFromWebtable.groovy)
	at com.kms.katalon.core.main.CustomKeywordDelegatingMetaClass.invokeStaticMethod(CustomKeywordDelegatingMetaClass.java:49)
	at WebatableSearchtest.run(WebatableSearchtest:22)
	at com.kms.katalon.core.main.ScriptEngine.run(ScriptEngine.java:194)
	at com.kms.katalon.core.main.ScriptEngine.runScriptAsRawText(ScriptEngine.java:119)
	at com.kms.katalon.core.main.TestCaseExecutor.runScript(TestCaseExecutor.java:328)
	at com.kms.katalon.core.main.TestCaseExecutor.doExecute(TestCaseExecutor.java:319)
	at com.kms.katalon.core.main.TestCaseExecutor.processExecutionPhase(TestCaseExecutor.java:298)
	at com.kms.katalon.core.main.TestCaseExecutor.accessMainPhase(TestCaseExecutor.java:290)
	at com.kms.katalon.core.main.TestCaseExecutor.execute(TestCaseExecutor.java:224)
	at com.kms.katalon.core.main.TestSuiteExecutor.accessTestCaseMainPhase(TestSuiteExecutor.java:129)
	at com.kms.katalon.core.main.TestSuiteExecutor.accessTestSuiteMainPhase(TestSuiteExecutor.java:112)
	at com.kms.katalon.core.main.TestSuiteExecutor.execute(TestSuiteExecutor.java:81)
	at com.kms.katalon.core.main.TestCaseMain.startTestSuite(TestCaseMain.java:149)
	at com.kms.katalon.core.main.TestCaseMain$startTestSuite$0.call(Unknown Source)
	at TempTestSuite1546766787074.run(TempTestSuite1546766787074.groovy:36)
Caused by: groovy.lang.MissingMethodException: No signature of method: java.util.ArrayList.get() is applicable for argument types: (java.lang.String) values: [1]
Possible solutions: get(int), get(int), getAt(java.lang.String), getAt(java.lang.String), grep(), grep()
	at pk_Functions.CS_SelectRecordFromWebtable.SelectRecordFromWebtableFun(CS_SelectRecordFromWebtable.groovy:70)
	at pk_Functions.CS_SelectRecordFromWebtable.invokeMethod(CS_SelectRecordFromWebtable.groovy)
	at com.kms.katalon.core.main.CustomKeywordDelegatingMetaClass.invokeStaticMethod(CustomKeywordDelegatingMetaClass.java:49)
	at Script1546766582349.run(Script1546766582349.groovy:22)
	... 13 more]]></system-out>
      <system-err><![CDATA[2019-01-06 11:26:30 - [TEST_SUITE][ERROR] - TS_Orange_JobTitles: Test Cases/Orange_Website/WebatableSearchtest FAILED.
Reason:
org.codehaus.groovy.runtime.InvokerInvocationException: groovy.lang.MissingMethodException: No signature of method: java.util.ArrayList.get() is applicable for argument types: (java.lang.String) values: [1]
Possible solutions: get(int), get(int), getAt(java.lang.String), getAt(java.lang.String), grep(), grep()
	at pk_Functions.CS_SelectRecordFromWebtable.invokeMethod(CS_SelectRecordFromWebtable.groovy)
	at com.kms.katalon.core.main.CustomKeywordDelegatingMetaClass.invokeStaticMethod(CustomKeywordDelegatingMetaClass.java:49)
	at WebatableSearchtest.run(WebatableSearchtest:22)
	at com.kms.katalon.core.main.ScriptEngine.run(ScriptEngine.java:194)
	at com.kms.katalon.core.main.ScriptEngine.runScriptAsRawText(ScriptEngine.java:119)
	at com.kms.katalon.core.main.TestCaseExecutor.runScript(TestCaseExecutor.java:328)
	at com.kms.katalon.core.main.TestCaseExecutor.doExecute(TestCaseExecutor.java:319)
	at com.kms.katalon.core.main.TestCaseExecutor.processExecutionPhase(TestCaseExecutor.java:298)
	at com.kms.katalon.core.main.TestCaseExecutor.accessMainPhase(TestCaseExecutor.java:290)
	at com.kms.katalon.core.main.TestCaseExecutor.execute(TestCaseExecutor.java:224)
	at com.kms.katalon.core.main.TestSuiteExecutor.accessTestCaseMainPhase(TestSuiteExecutor.java:129)
	at com.kms.katalon.core.main.TestSuiteExecutor.accessTestSuiteMainPhase(TestSuiteExecutor.java:112)
	at com.kms.katalon.core.main.TestSuiteExecutor.execute(TestSuiteExecutor.java:81)
	at com.kms.katalon.core.main.TestCaseMain.startTestSuite(TestCaseMain.java:149)
	at com.kms.katalon.core.main.TestCaseMain$startTestSuite$0.call(Unknown Source)
	at TempTestSuite1546766787074.run(TempTestSuite1546766787074.groovy:36)
Caused by: groovy.lang.MissingMethodException: No signature of method: java.util.ArrayList.get() is applicable for argument types: (java.lang.String) values: [1]
Possible solutions: get(int), get(int), getAt(java.lang.String), getAt(java.lang.String), grep(), grep()
	at pk_Functions.CS_SelectRecordFromWebtable.SelectRecordFromWebtableFun(CS_SelectRecordFromWebtable.groovy:70)
	at pk_Functions.CS_SelectRecordFromWebtable.invokeMethod(CS_SelectRecordFromWebtable.groovy)
	at com.kms.katalon.core.main.CustomKeywordDelegatingMetaClass.invokeStaticMethod(CustomKeywordDelegatingMetaClass.java:49)
	at Script1546766582349.run(Script1546766582349.groovy:22)
	... 13 more]]></system-err>
   </testsuite>
</testsuites>
